2025-12-25T07:32:20+00:00
v20.19.0
10.8.2
npm warn deprecated rimraf@3.0.2: Rimraf versions prior to v4 are no longer supported
npm warn deprecated glob@7.2.3: Glob versions prior to v9 are no longer supported
npm warn deprecated rimraf@2.7.1: Rimraf versions prior to v4 are no longer supported
npm warn deprecated inflight@1.0.6: This module is not supported, and leaks memory. Do not use it. Check out lru-cache if you want a good and tested way to coalesce async requests by a key value, which is much more comprehensive and powerful.

added 919 packages, and audited 920 packages in 21s

8 low severity vulnerabilities

To address all issues (including breaking changes), run:
  npm audit fix --force

Run `npm audit` for details.
npm notice
npm notice New major version of npm available! 10.8.2 -> 11.7.0
npm notice Changelog: https://github.com/npm/cli/releases/tag/v11.7.0
npm notice To update run: npm install -g npm@11.7.0
npm notice

> nebula-wind@0.1.0 gates
> bash ./scripts/run-gates.sh

[gates] check

> nebula-wind@0.1.0 check
> astro check

▶ Astro collects anonymous usage data.
  This information helps us improve Astro.
  Run "astro telemetry disable" to opt-out.
  https://astro.build/telemetry

07:32:47 [content] Syncing content
07:32:47 [content] Synced content
07:32:47 [types] Generated 1.16s
07:32:47 [check] Getting diagnostics for Astro files in /kaggle/working/nebula-wind...
Result (41 files): 
- 0 errors
- 0 warnings
- 0 hints

[gates] lint

> nebula-wind@0.1.0 lint
> eslint .

[gates] build

> nebula-wind@0.1.0 build
> astro build && pagefind --site dist --silent

07:33:02 [content] Syncing content
07:33:02 [content] Synced content
07:33:02 [types] Generated 971ms
07:33:02 [build] output: "static"
07:33:02 [build] mode: "static"
07:33:02 [build] directory: /kaggle/working/nebula-wind/dist/
07:33:02 [build] Collecting build info...
07:33:02 [build] ✓ Completed in 1.25s.
07:33:02 [build] Building static entrypoints...
07:33:08 [build] ✓ Completed in 5.62s.

 building client (vite) 

 generating static routes 
07:33:08 ▶ src/pages/404.astro
07:33:08   └─ /404.html (+16ms) 
07:33:08 ▶ src/pages/blog/[slug].astro
07:33:08   └─ /blog/hello-nebulawind/index.html (+5ms) 
07:33:08 ▶ src/pages/blog/index.astro
07:33:08   └─ /blog/index.html (+5ms) 
07:33:08 ▶ src/pages/library/index.astro
07:33:08   └─ /library/index.html (+4ms) 
07:33:08 λ src/pages/rss.xml.ts
07:33:08   └─ /rss.xml (+5ms) 
07:33:08 ▶ src/pages/search/index.astro
07:33:08   └─ /search/index.html (+3ms) 
07:33:08 ▶ src/pages/index.astro
07:33:08   └─ /index.html (+9ms) 
07:33:08 ▶ @astrojs/starlight/routes/static/index.astro
07:33:08   ├─ /docs/index.html (+32ms) 
07:33:08   ├─ /widgets/modal/index.html (+14ms) 
07:33:08   ├─ /widgets/tabs/index.html (+12ms) 
07:33:08   ├─ /docs/guides/structure/index.html (+16ms) 
07:33:08   └─ /widgets/accordion/index.html (+16ms) 
07:33:09 ✓ Completed in 237ms.

07:33:09 [@astrojs/sitemap] `sitemap-index.xml` created at `dist`
07:33:09 [build] 11 page(s) built in 7.56s
07:33:09 [build] Complete!
[gates] lighthouse (kaggle wrapper)
[gates] lighthouse (kaggle wrapper)

> nebula-wind@0.1.0 lhci:kaggle
> CHROME_WRAPPER_DEBUG=0 CHROME_PATH=./scripts/chrome-wrapper.sh LHCI_CHROME_PATH=./scripts/chrome-wrapper.sh LIGHTHOUSE_CHROMIUM_PATH=./scripts/chrome-wrapper.sh npx lhci autorun --config=./lighthouserc.cjs --upload.target=temporary-public-storage --collect.numberOfRuns=1

✅  .lighthouseci/ directory writable
✅  Configuration file found
✅  Chrome installation found
⚠️   GitHub token not set
Healthcheck passed!

Started a web server on port 33697...
Running Lighthouse 1 time(s) on http://localhost:33697/index.html
Run #1...failed!
Error: Lighthouse failed with exit code 1
    at ChildProcess.<anonymous> (/kaggle/working/nebula-wind/node_modules/@lhci/cli/src/collect/node-runner.js:120:21)
    at ChildProcess.emit (node:events:524:28)
    at ChildProcess._handle.onexit (node:internal/child_process:293:12)
2025-12-25T07:33:12.285Z LH:ChromeLauncher Waiting for browser.
2025-12-25T07:33:12.286Z LH:ChromeLauncher Waiting for browser...
2025-12-25T07:33:12.795Z LH:ChromeLauncher Waiting for browser.....
2025-12-25T07:33:13.297Z LH:ChromeLauncher Waiting for browser.......
2025-12-25T07:33:13.799Z LH:ChromeLauncher Waiting for browser.........
2025-12-25T07:33:14.300Z LH:ChromeLauncher Waiting for browser...........
2025-12-25T07:33:14.802Z LH:ChromeLauncher Waiting for browser.............
2025-12-25T07:33:15.304Z LH:ChromeLauncher Waiting for browser...............
2025-12-25T07:33:15.806Z LH:ChromeLauncher Waiting for browser.................
2025-12-25T07:33:16.307Z LH:ChromeLauncher Waiting for browser...................
2025-12-25T07:33:16.809Z LH:ChromeLauncher Waiting for browser.....................
2025-12-25T07:33:17.311Z LH:ChromeLauncher Waiting for browser.......................
2025-12-25T07:33:17.813Z LH:ChromeLauncher Waiting for browser.........................
2025-12-25T07:33:18.315Z LH:ChromeLauncher Waiting for browser...........................
2025-12-25T07:33:18.817Z LH:ChromeLauncher Waiting for browser.............................
2025-12-25T07:33:19.318Z LH:ChromeLauncher Waiting for browser...............................
2025-12-25T07:33:19.819Z LH:ChromeLauncher Waiting for browser.................................
2025-12-25T07:33:20.321Z LH:ChromeLauncher Waiting for browser...................................
2025-12-25T07:33:20.822Z LH:ChromeLauncher Waiting for browser.....................................
2025-12-25T07:33:21.324Z LH:ChromeLauncher Waiting for browser.......................................
2025-12-25T07:33:21.825Z LH:ChromeLauncher Waiting for browser.........................................
2025-12-25T07:33:22.327Z LH:ChromeLauncher Waiting for browser...........................................
2025-12-25T07:33:22.829Z LH:ChromeLauncher Waiting for browser.............................................
2025-12-25T07:33:23.330Z LH:ChromeLauncher Waiting for browser...............................................
2025-12-25T07:33:23.832Z LH:ChromeLauncher Waiting for browser.................................................
2025-12-25T07:33:24.333Z LH:ChromeLauncher Waiting for browser...................................................
2025-12-25T07:33:24.835Z LH:ChromeLauncher Waiting for browser.....................................................
2025-12-25T07:33:25.336Z LH:ChromeLauncher Waiting for browser.......................................................
2025-12-25T07:33:25.838Z LH:ChromeLauncher Waiting for browser.........................................................
2025-12-25T07:33:26.339Z LH:ChromeLauncher Waiting for browser...........................................................
2025-12-25T07:33:26.841Z LH:ChromeLauncher Waiting for browser.............................................................
2025-12-25T07:33:27.342Z LH:ChromeLauncher Waiting for browser...............................................................
2025-12-25T07:33:27.844Z LH:ChromeLauncher Waiting for browser.................................................................
2025-12-25T07:33:28.345Z LH:ChromeLauncher Waiting for browser...................................................................
2025-12-25T07:33:28.847Z LH:ChromeLauncher Waiting for browser.....................................................................
2025-12-25T07:33:29.348Z LH:ChromeLauncher Waiting for browser.......................................................................
2025-12-25T07:33:29.850Z LH:ChromeLauncher Waiting for browser.........................................................................
2025-12-25T07:33:30.352Z LH:ChromeLauncher Waiting for browser...........................................................................
2025-12-25T07:33:30.853Z LH:ChromeLauncher Waiting for browser.............................................................................
2025-12-25T07:33:31.354Z LH:ChromeLauncher Waiting for browser...............................................................................
2025-12-25T07:33:31.856Z LH:ChromeLauncher Waiting for browser.................................................................................
2025-12-25T07:33:32.357Z LH:ChromeLauncher Waiting for browser...................................................................................
2025-12-25T07:33:32.859Z LH:ChromeLauncher Waiting for browser.....................................................................................
2025-12-25T07:33:33.360Z LH:ChromeLauncher Waiting for browser.......................................................................................
2025-12-25T07:33:33.861Z LH:ChromeLauncher Waiting for browser.........................................................................................
2025-12-25T07:33:34.363Z LH:ChromeLauncher Waiting for browser...........................................................................................
2025-12-25T07:33:34.864Z LH:ChromeLauncher Waiting for browser.............................................................................................
2025-12-25T07:33:35.366Z LH:ChromeLauncher Waiting for browser...............................................................................................
2025-12-25T07:33:35.867Z LH:ChromeLauncher Waiting for browser.................................................................................................
2025-12-25T07:33:36.368Z LH:ChromeLauncher Waiting for browser...................................................................................................
2025-12-25T07:33:36.870Z LH:ChromeLauncher Waiting for browser.....................................................................................................
2025-12-25T07:33:37.371Z LH:ChromeLauncher Waiting for browser.......................................................................................................
2025-12-25T07:33:37.372Z LH:ChromeLauncher:error connect ECONNREFUSED 127.0.0.1:44835
2025-12-25T07:33:37.372Z LH:ChromeLauncher:error Logging contents of /tmp/lighthouse.JZsIMyG/chrome-err.log
2025-12-25T07:33:37.372Z LH:ChromeLauncher:error ./scripts/chrome-wrapper.sh: line 65: /kaggle/working/nebula-wind/.cache/chrome/chrome-linux64/chrome: No such file or directory

Unable to connect to Chrome

== gates exit code: 1 ==
